# JRE version: OpenJDK Runtime Environment Temurin-11.0.12+7 (11.0.12+7) (build 11.0.12+7)
# Java VM: OpenJDK 64-Bit Server VM Temurin-11.0.12+7 (11.0.12+7, mixed mode, tiered, compressed oops, g1 gc, windows-amd64)
Heap:
 garbage-first heap   total 262144K, used 142452K [0x00000000e0000000, 0x0000000100000000)
  region size 1024K, 6 young (6144K), 1 survivors (1024K)
 Metaspace       used 95895K, capacity 98945K, committed 101388K, reserved 342016K
  class space    used 12096K, capacity 13198K, committed 13696K, reserved 253952K
GC Heap History (20 events):
Event: 358.826 GC heap after
{Heap after GC invocations=14 (full 0):
 garbage-first heap   total 262144K, used 100385K [0x00000000e0000000, 0x0000000100000000)
  region size 1024K, 12 young (12288K), 12 survivors (12288K)
 Metaspace       used 78234K, capacity 80525K, committed 80768K, reserved 325632K
  class space    used 10091K, capacity 10877K, committed 10880K, reserved 253952K
}
Event: 367.127 GC heap before
{Heap before GC invocations=14 (full 0):
 garbage-first heap   total 262144K, used 207905K [0x00000000e0000000, 0x0000000100000000)
  region size 1024K, 118 young (120832K), 12 survivors (12288K)
 Metaspace       used 80913K, capacity 83520K, committed 83712K, reserved 327680K
  class space    used 10331K, capacity 11205K, committed 11264K, reserved 253952K
}
Event: 367.139 GC heap after
{Heap after GC invocations=15 (full 0):
 garbage-first heap   total 262144K, used 104101K [0x00000000e0000000, 0x0000000100000000)
  region size 1024K, 10 young (10240K), 10 survivors (10240K)
 Metaspace       used 80913K, capacity 83520K, committed 83712K, reserved 327680K
  class space    used 10331K, capacity 11205K, committed 11264K, reserved 253952K
}
Event: 690.424 GC heap before
{Heap before GC invocations=15 (full 0):
 garbage-first heap   total 262144K, used 211621K [0x00000000e0000000, 0x0000000100000000)
  region size 1024K, 116 young (118784K), 10 survivors (10240K)
 Metaspace       used 83257K, capacity 86068K, committed 86144K, reserved 329728K
  class space    used 10658K, capacity 11644K, committed 11648K, reserved 253952K
}
Event: 690.437 GC heap after
{Heap after GC invocations=16 (full 0):
 garbage-first heap   total 262144K, used 109358K [0x00000000e0000000, 0x0000000100000000)
  region size 1024K, 10 young (10240K), 10 survivors (10240K)
 Metaspace       used 83257K, capacity 86068K, committed 86144K, reserved 329728K
  class space    used 10658K, capacity 11644K, committed 11648K, reserved 253952K
}
Event: 691.790 GC heap before
{Heap before GC invocations=16 (full 0):
 garbage-first heap   total 262144K, used 211758K [0x00000000e0000000, 0x0000000100000000)
  region size 1024K, 111 young (113664K), 10 survivors (10240K)
 Metaspace       used 92336K, capacity 95560K, committed 95616K, reserved 337920K
  class space    used 11812K, capacity 12913K, committed 12928K, reserved 253952K
}
Event: 691.803 GC heap after
{Heap after GC invocations=17 (full 0):
 garbage-first heap   total 262144K, used 117881K [0x00000000e0000000, 0x0000000100000000)
  region size 1024K, 14 young (14336K), 14 survivors (14336K)
 Metaspace       used 92336K, capacity 95560K, committed 95616K, reserved 337920K
  class space    used 11812K, capacity 12913K, committed 12928K, reserved 253952K
}
Event: 760.250 GC heap before
{Heap before GC invocations=17 (full 0):
 garbage-first heap   total 262144K, used 211065K [0x00000000e0000000, 0x0000000100000000)
  region size 1024K, 106 young (108544K), 14 survivors (14336K)
 Metaspace       used 96031K, capacity 99563K, committed 99840K, reserved 342016K
  class space    used 12243K, capacity 13496K, committed 13568K, reserved 253952K
}
Event: 760.263 GC heap after
{Heap after GC invocations=18 (full 0):
 garbage-first heap   total 262144K, used 120942K [0x00000000e0000000, 0x0000000100000000)
  region size 1024K, 6 young (6144K), 6 survivors (6144K)
 Metaspace       used 96031K, capacity 99563K, committed 99840K, reserved 342016K
  class space    used 12243K, capacity 13496K, committed 13568K, reserved 253952K
}
Event: 767.927 GC heap before
{Heap before GC invocations=18 (full 0):
 garbage-first heap   total 262144K, used 201838K [0x00000000e0000000, 0x0000000100000000)
  region size 1024K, 87 young (89088K), 6 survivors (6144K)
 Metaspace       used 97323K, capacity 100907K, committed 100992K, reserved 342016K
  class space    used 12359K, capacity 13616K, committed 13696K, reserved 253952K
}
Event: 767.951 GC heap after
{Heap after GC invocations=19 (full 0):
 garbage-first heap   total 262144K, used 132722K [0x00000000e0000000, 0x0000000100000000)
  region size 1024K, 13 young (13312K), 13 survivors (13312K)
 Metaspace       used 97323K, capacity 100907K, committed 100992K, reserved 342016K
  class space    used 12359K, capacity 13616K, committed 13696K, reserved 253952K
}
Event: 768.807 GC heap before
{Heap before GC invocations=20 (full 0):
 garbage-first heap   total 262144K, used 210546K [0x00000000e0000000, 0x0000000100000000)
  region size 1024K, 90 young (92160K), 13 survivors (13312K)
 Metaspace       used 96927K, capacity 100125K, committed 101388K, reserved 342016K
  class space    used 12222K, capacity 13359K, committed 13696K, reserved 253952K
}
Event: 768.818 GC heap after
{Heap after GC invocations=21 (full 0):
 garbage-first heap   total 262144K, used 135254K [0x00000000e0000000, 0x0000000100000000)
  region size 1024K, 8 young (8192K), 8 survivors (8192K)
 Metaspace       used 96927K, capacity 100125K, committed 101388K, reserved 342016K
  class space    used 12222K, capacity 13359K, committed 13696K, reserved 253952K
}
Event: 768.849 GC heap before
{Heap before GC invocations=21 (full 0):
 garbage-first heap   total 262144K, used 139350K [0x00000000e0000000, 0x0000000100000000)
  region size 1024K, 12 young (12288K), 8 survivors (8192K)
 Metaspace       used 96930K, capacity 100125K, committed 101388K, reserved 342016K
  class space    used 12222K, capacity 13359K, committed 13696K, reserved 253952K
}
Event: 768.857 GC heap after
{Heap after GC invocations=22 (full 0):
 garbage-first heap   total 262144K, used 132262K [0x00000000e0000000, 0x0000000100000000)
  region size 1024K, 2 young (2048K), 2 survivors (2048K)
 Metaspace       used 96930K, capacity 100125K, committed 101388K, reserved 342016K
  class space    used 12222K, capacity 13359K, committed 13696K, reserved 253952K
}
Event: 771.318 GC heap before
{Heap before GC invocations=22 (full 0):
 garbage-first heap   total 262144K, used 211110K [0x00000000e0000000, 0x0000000100000000)
  region size 1024K, 79 young (80896K), 2 survivors (2048K)
 Metaspace       used 97203K, capacity 100323K, committed 101388K, reserved 342016K
  class space    used 12247K, capacity 13375K, committed 13696K, reserved 253952K
}
Event: 771.323 GC heap after
{Heap after GC invocations=23 (full 0):
 garbage-first heap   total 262144K, used 135136K [0x00000000e0000000, 0x0000000100000000)
  region size 1024K, 4 young (4096K), 4 survivors (4096K)
 Metaspace       used 97203K, capacity 100323K, committed 101388K, reserved 342016K
  class space    used 12247K, capacity 13375K, committed 13696K, reserved 253952K
}
Event: 869.683 GC heap before
{Heap before GC invocations=24 (full 0):
 garbage-first heap   total 262144K, used 213984K [0x00000000e0000000, 0x0000000100000000)
  region size 1024K, 81 young (82944K), 4 survivors (4096K)
 Metaspace       used 95891K, capacity 98945K, committed 101388K, reserved 342016K
  class space    used 12096K, capacity 13198K, committed 13696K, reserved 253952K
}
Event: 869.691 GC heap after
{Heap after GC invocations=25 (full 0):
 garbage-first heap   total 262144K, used 137343K [0x00000000e0000000, 0x0000000100000000)
  region size 1024K, 7 young (7168K), 7 survivors (7168K)
 Metaspace       used 95891K, capacity 98945K, committed 101388K, reserved 342016K
  class space    used 12096K, capacity 13198K, committed 13696K, reserved 253952K
}
Event: 870.224 GC heap before
{Heap before GC invocations=25 (full 0):
 garbage-first heap   total 262144K, used 141439K [0x00000000e0000000, 0x0000000100000000)
  region size 1024K, 12 young (12288K), 7 survivors (7168K)
 Metaspace       used 95895K, capacity 98945K, committed 101388K, reserved 342016K
  class space    used 12096K, capacity 13198K, committed 13696K, reserved 253952K
}

